{"level":"error","message":"Recharge failed: Failed to recharge: Request failed with status code 404","timestamp":"2025-05-09T06:48:18.992Z"}
{"level":"error","message":"Recharge failed: Failed to recharge: Request failed with status code 404","timestamp":"2025-05-09T06:49:05.118Z"}
{"level":"error","message":"Recharge failed: Failed to recharge: Request failed with status code 404","timestamp":"2025-05-09T06:50:43.366Z"}
{"level":"error","message":"Recharge failed: Failed to recharge: connect ECONNREFUSED 127.0.0.1:8000","timestamp":"2025-05-09T06:55:04.548Z"}
{"level":"error","message":"Recharge failed: Failed to recharge: API_BASE_URL is not defined","timestamp":"2025-05-09T07:02:48.046Z"}
{"level":"error","message":"Payment failed: Failed to make payment: Request failed with status code 400","timestamp":"2025-05-09T07:04:37.524Z"}
{"level":"error","message":"Payment failed: Failed to make payment: Request failed with status code 400","timestamp":"2025-05-09T07:05:02.299Z"}
{"level":"error","message":"Payment failed: Failed to make payment: Request failed with status code 400","timestamp":"2025-05-09T07:05:15.303Z"}
{"level":"error","message":"Payment failed: Failed to make payment: Request failed with status code 400","timestamp":"2025-05-09T07:08:12.063Z"}
{"level":"error","message":"Payment failed: Failed to make payment: Request failed with status code 400","timestamp":"2025-05-09T07:08:22.814Z"}
{"level":"error","message":"Payment failed: Failed to make payment: Request failed with status code 400","timestamp":"2025-05-09T07:08:53.224Z"}
{"level":"error","message":"Payment failed: Validation failed: \"amount\" is required","timestamp":"2025-05-09T07:12:50.778Z"}
{"level":"error","message":"Payment failed: Validation failed: \"paymentMethod\" is required","timestamp":"2025-05-09T07:13:07.977Z"}
{"level":"error","message":"Payment failed: Validation failed: \"amount\" is required","timestamp":"2025-05-09T07:16:28.480Z"}
{"level":"error","message":"Account verification failed: Validation failed: \"accountNumber\" is required","timestamp":"2025-05-09T07:19:04.644Z"}
{"level":"error","message":"Account verification failed: Validation failed: \"accountNumber\" is required","timestamp":"2025-05-09T07:19:38.674Z"}
{"level":"error","message":"Account verification failed: Validation failed: \"accountNumber\" is required","timestamp":"2025-05-09T07:20:12.284Z"}
{"level":"error","message":"Account verification failed: Validation failed: \"accountNumber\" is required","timestamp":"2025-05-09T07:20:27.998Z"}
{"level":"error","message":"Account verification failed: Validation failed: \"accNo\" length must be 10 characters long","timestamp":"2025-05-09T07:24:06.884Z"}
{"level":"error","message":"Account verification failed: Validation failed: \"benificiaryName\" is not allowed","timestamp":"2025-05-09T07:24:23.482Z"}
{"level":"error","message":"Account verification failed: Validation failed: \"address\" is not allowed","timestamp":"2025-05-09T07:24:32.505Z"}
{"level":"error","message":"Account verification failed: Failed to verify account: Request failed with status code 422","timestamp":"2025-05-09T07:24:42.885Z"}
{"level":"error","message":"Account verification failed: Failed to verify account: Request failed with status code 422","timestamp":"2025-05-09T07:27:15.018Z"}
{"level":"error","message":"Payment failed: Validation failed: \"amount\" is required","timestamp":"2025-05-09T07:27:27.351Z"}
{"level":"error","message":"Account verification failed: Failed to verify account: Request failed with status code 422","timestamp":"2025-05-09T07:27:33.377Z"}
{"level":"error","message":"Account verification failed: Failed to verify account: Request failed with status code 422","timestamp":"2025-05-09T07:28:37.786Z"}
{"level":"error","message":"Account verification failed: Failed to verify account: Request failed with status code 422","timestamp":"2025-05-09T07:29:55.924Z"}
{"level":"error","message":"Account verification failed: Failed to verify account: Request failed with status code 422","timestamp":"2025-05-09T07:31:54.946Z"}
{"level":"error","message":"Account verification failed: Failed to verify account: Request failed with status code 422","timestamp":"2025-05-09T07:32:55.860Z"}
{"level":"error","message":"Account verification failed: Validation failed: \"accNo\" is required","timestamp":"2025-05-09T07:36:13.739Z"}
{"level":"error","message":"Account verification failed: Failed to verify account: Request failed with status code 422","timestamp":"2025-05-09T07:36:25.774Z"}
{"level":"error","message":"Account verification failed: Failed to verify account: Request failed with status code 422","timestamp":"2025-05-09T09:40:42.919Z"}
{"level":"error","message":"Account verification failed: Failed to verify account: Request failed with status code 422","timestamp":"2025-05-09T09:42:14.056Z"}
{"level":"error","message":"Account verification failed: Failed to verify account: Request failed with status code 422","timestamp":"2025-05-09T09:44:13.548Z"}
{"level":"error","message":"Recharge failed: Validation failed: \"value\" must be of type object","timestamp":"2025-05-09T09:59:45.943Z"}
{"level":"error","message":"Recharge failed: Validation failed: \"value\" must be of type object","timestamp":"2025-05-09T10:01:33.392Z"}
{"level":"error","message":"Recharge failed: Validation failed: \"value\" must be of type object","timestamp":"2025-05-09T10:02:12.996Z"}
{"level":"error","message":"Recharge failed: Validation failed: \"outlet\" is required","timestamp":"2025-05-09T10:04:43.672Z"}
{"level":"error","message":"Recharge failed: Validation failed: \"outlet\" is required","timestamp":"2025-05-09T10:04:48.296Z"}
{"level":"error","message":"Recharge failed: Validation failed: \"outlet\" is required","timestamp":"2025-05-09T10:08:06.029Z"}
{"level":"error","message":"Recharge failed: Validation failed: \"outlet\" is required","timestamp":"2025-05-09T10:08:07.536Z"}
{"level":"error","message":"Recharge failed: Validation failed: \"outlet\" is required","timestamp":"2025-05-09T10:09:21.388Z"}
{"level":"error","message":"Recharge failed: Validation failed: \"outlet\" is required","timestamp":"2025-05-09T10:09:22.722Z"}
{"level":"error","message":"Recharge failed: Validation failed: \"outlet\" is required","timestamp":"2025-05-09T10:14:47.482Z"}
{"level":"error","message":"Recharge failed: Validation failed: \"outlet\" is required","timestamp":"2025-05-09T10:15:15.519Z"}
{"level":"error","message":"Recharge failed: Validation failed: \"mobile\" with value \"496699\" fails to match the required pattern: /^[0-9]{10}$/","timestamp":"2025-05-09T10:16:43.559Z"}
{"level":"error","message":"Recharge failed: Validation failed: \"mobile\" with value \"496699\" fails to match the required pattern: /^[0-9]{10}$/","timestamp":"2025-05-09T10:16:57.500Z"}
{"level":"error","message":"Recharge failed: Failed Recharge: Request failed with status code 400","timestamp":"2025-05-09T10:17:04.551Z"}
{"level":"error","message":"Recharge failed: Request failed with status code 404","timestamp":"2025-05-09T10:22:14.004Z"}
{"level":"error","message":"Recharge failed: Failed Recharge: The route api/api/v1/prepaid/mobile/Recharge could not be found.","timestamp":"2025-05-09T10:26:27.422Z"}
{"level":"error","message":"Recharge failed: Failed Recharge: The outlet field is required.","timestamp":"2025-05-09T10:26:43.117Z"}
{"level":"error","message":"Recharge failed: Failed Recharge: The route api/api/v1/prepaid/mobile/Recharge could not be found.","timestamp":"2025-05-09T10:29:39.754Z"}
{"level":"error","message":"Recharge failed: Failed Recharge: The route apiv1/prepaid/mobile/Recharge could not be found.","timestamp":"2025-05-09T10:29:55.939Z"}
{"level":"error","message":"Recharge failed: Failed Recharge: The X-Ipay-Outlet-Id header must have valid outletId. #1","timestamp":"2025-05-09T10:30:03.312Z"}
{"level":"error","message":"Recharge failed: Failed Recharge: The X-Ipay-Outlet-Id header must have valid outletId. #1","timestamp":"2025-05-09T10:30:21.146Z"}
{"level":"error","message":"Recharge failed: Validation failed: \"mobile\" with value \"496699\" fails to match the required pattern: /^[0-9]{10}$/","timestamp":"2025-05-09T10:31:09.605Z"}
{"level":"error","message":"Recharge failed: Failed Recharge: The X-Ipay-Outlet-Id header must have valid outletId. #1","timestamp":"2025-05-09T10:31:52.762Z"}
{"level":"error","message":"Recharge failed: validateRechargeData is not defined","timestamp":"2025-05-09T10:32:09.261Z"}
{"level":"error","message":"Recharge failed: Failed Recharge: The X-Ipay-Outlet-Id header must have valid outletId. #1","timestamp":"2025-05-09T10:32:35.274Z"}
{"level":"error","message":"Recharge failed: Failed Recharge: The X-Ipay-Outlet-Id header must have valid outletId. #1","timestamp":"2025-05-09T10:32:51.545Z"}
{"level":"error","message":"Payment failed: validatePaymentData is not defined","paymentData":{"billerId":"VFP","customerPan":"","deviceInfogeoCode":"28.6326,77.2175","deviceInfomobile":"9621122159","deviceInfopostalCode":"110044","deviceInfoterminalId":"12813923","enquiryReferenceId":"TSB6b77dbcb0d26423e91b5229922521106","externalRef":"CGBP1234","initChannel":"AGT","inputParametersparam1":"9621122159","outlet":"496699","paymentInfoRemarks":"CashPayment","paymentMode":"Cash","remarksparam1":"9621122159","telecomCircle":"UT","transactionAmount":"10"},"stack":"ReferenceError: validatePaymentData is not defined\n    at initiatePayment (E:\\CODEGRAPHI\\ZenClick\\ZenClick\\Backend\\controllers\\MobileRecharge.js:64:23)\n    at Layer.handleRequest (E:\\CODEGRAPHI\\ZenClick\\ZenClick\\Backend\\node_modules\\router\\lib\\layer.js:152:17)\n    at next (E:\\CODEGRAPHI\\ZenClick\\ZenClick\\Backend\\node_modules\\router\\lib\\route.js:157:13)\n    at Route.dispatch (E:\\CODEGRAPHI\\ZenClick\\ZenClick\\Backend\\node_modules\\router\\lib\\route.js:117:3)\n    at handle (E:\\CODEGRAPHI\\ZenClick\\ZenClick\\Backend\\node_modules\\router\\index.js:435:11)\n    at Layer.handleRequest (E:\\CODEGRAPHI\\ZenClick\\ZenClick\\Backend\\node_modules\\router\\lib\\layer.js:152:17)\n    at E:\\CODEGRAPHI\\ZenClick\\ZenClick\\Backend\\node_modules\\router\\index.js:295:15\n    at processParams (E:\\CODEGRAPHI\\ZenClick\\ZenClick\\Backend\\node_modules\\router\\index.js:582:12)\n    at next (E:\\CODEGRAPHI\\ZenClick\\ZenClick\\Backend\\node_modules\\router\\index.js:291:5)\n    at Function.handle (E:\\CODEGRAPHI\\ZenClick\\ZenClick\\Backend\\node_modules\\router\\index.js:186:3)","timestamp":"2025-05-09T10:44:15.954Z"}
{"level":"error","message":"Payment failed: Failed to make payment: Request failed with status code 422","paymentData":{"deviceInfogeoCode":"28.6326,77.2175","deviceInfomobile":"9621122159","deviceInfopostalCode":"110044","deviceInfoterminalId":"12813923","outlet":"496699","paymentMode":"Cash","transactionAmount":"10"},"stack":"Error: Failed to make payment: Request failed with status code 422\n    at Object.makePayment (E:\\CODEGRAPHI\\ZenClick\\ZenClick\\Backend\\services\\apiService.js:114:11)\n    at process.processTicksAndRejections (node:internal/process/task_queues:105:5)\n    at async initiatePayment (E:\\CODEGRAPHI\\ZenClick\\ZenClick\\Backend\\controllers\\MobileRecharge.js:81:22)","timestamp":"2025-05-09T10:52:45.954Z"}
{"level":"error","message":"Payment failed: Failed to make payment: Request failed with status code 422","paymentData":{"deviceInfogeoCode":"28.6326,77.2175","deviceInfomobile":"9621122159","deviceInfopostalCode":"110044","deviceInfoterminalId":"12813923","outlet":"496699","paymentMode":"Cash","transactionAmount":"10"},"stack":"Error: Failed to make payment: Request failed with status code 422\n    at Object.makePayment (E:\\CODEGRAPHI\\ZenClick\\ZenClick\\Backend\\services\\apiService.js:114:11)\n    at process.processTicksAndRejections (node:internal/process/task_queues:105:5)\n    at async initiatePayment (E:\\CODEGRAPHI\\ZenClick\\ZenClick\\Backend\\controllers\\MobileRecharge.js:81:22)","timestamp":"2025-05-09T10:53:23.164Z"}
{"level":"error","message":"Payment failed: Joi is not defined","paymentData":{"billerId":"VFP","customerPan":"","deviceInfogeoCode":"28.6326,77.2175","deviceInfomobile":"9621122159","deviceInfopostalCode":"110044","deviceInfoterminalId":"12813923","enquiryReferenceId":"TSB6b77dbcb0d26423e91b5229922521106","externalRef":"CGBP1234","initChannel":"AGT","inputParametersparam1":"9621122159","outlet":"496699","paymentInfoRemarks":"CashPayment","paymentMode":"Cash","remarksparam1":"9621122159","telecomCircle":"UT","transactionAmount":"10"},"stack":"ReferenceError: Joi is not defined\n    at validatePaymentData (E:\\CODEGRAPHI\\ZenClick\\ZenClick\\Backend\\controllers\\MobileRecharge.js:6:18)\n    at initiatePayment (E:\\CODEGRAPHI\\ZenClick\\ZenClick\\Backend\\controllers\\MobileRecharge.js:90:23)\n    at Layer.handleRequest (E:\\CODEGRAPHI\\ZenClick\\ZenClick\\Backend\\node_modules\\router\\lib\\layer.js:152:17)\n    at next (E:\\CODEGRAPHI\\ZenClick\\ZenClick\\Backend\\node_modules\\router\\lib\\route.js:157:13)\n    at Route.dispatch (E:\\CODEGRAPHI\\ZenClick\\ZenClick\\Backend\\node_modules\\router\\lib\\route.js:117:3)\n    at handle (E:\\CODEGRAPHI\\ZenClick\\ZenClick\\Backend\\node_modules\\router\\index.js:435:11)\n    at Layer.handleRequest (E:\\CODEGRAPHI\\ZenClick\\ZenClick\\Backend\\node_modules\\router\\lib\\layer.js:152:17)\n    at E:\\CODEGRAPHI\\ZenClick\\ZenClick\\Backend\\node_modules\\router\\index.js:295:15\n    at processParams (E:\\CODEGRAPHI\\ZenClick\\ZenClick\\Backend\\node_modules\\router\\index.js:582:12)\n    at next (E:\\CODEGRAPHI\\ZenClick\\ZenClick\\Backend\\node_modules\\router\\index.js:291:5)","timestamp":"2025-05-09T10:56:10.692Z"}
{"level":"error","message":"Payment failed: Joi is not defined","paymentData":{"billerId":"VFP","customerPan":"","deviceInfogeoCode":"28.6326,77.2175","deviceInfomobile":"9621122159","deviceInfopostalCode":"110044","deviceInfoterminalId":"12813923","enquiryReferenceId":"TSB6b77dbcb0d26423e91b5229922521106","externalRef":"CGBP1234","initChannel":"AGT","inputParametersparam1":"9621122159","outlet":"496699","paymentInfoRemarks":"CashPayment","paymentMode":"Cash","remarksparam1":"9621122159","telecomCircle":"UT","transactionAmount":"10"},"stack":"ReferenceError: Joi is not defined\n    at validatePaymentData (E:\\CODEGRAPHI\\ZenClick\\ZenClick\\Backend\\controllers\\MobileRecharge.js:7:18)\n    at initiatePayment (E:\\CODEGRAPHI\\ZenClick\\ZenClick\\Backend\\controllers\\MobileRecharge.js:91:23)\n    at Layer.handleRequest (E:\\CODEGRAPHI\\ZenClick\\ZenClick\\Backend\\node_modules\\router\\lib\\layer.js:152:17)\n    at next (E:\\CODEGRAPHI\\ZenClick\\ZenClick\\Backend\\node_modules\\router\\lib\\route.js:157:13)\n    at Route.dispatch (E:\\CODEGRAPHI\\ZenClick\\ZenClick\\Backend\\node_modules\\router\\lib\\route.js:117:3)\n    at handle (E:\\CODEGRAPHI\\ZenClick\\ZenClick\\Backend\\node_modules\\router\\index.js:435:11)\n    at Layer.handleRequest (E:\\CODEGRAPHI\\ZenClick\\ZenClick\\Backend\\node_modules\\router\\lib\\layer.js:152:17)\n    at E:\\CODEGRAPHI\\ZenClick\\ZenClick\\Backend\\node_modules\\router\\index.js:295:15\n    at processParams (E:\\CODEGRAPHI\\ZenClick\\ZenClick\\Backend\\node_modules\\router\\index.js:582:12)\n    at next (E:\\CODEGRAPHI\\ZenClick\\ZenClick\\Backend\\node_modules\\router\\index.js:291:5)","timestamp":"2025-05-09T10:56:30.798Z"}
{"level":"error","message":"Payment failed: Validation failed: \"billerId\" is not allowed","paymentData":{"billerId":"VFP","customerPan":"","deviceInfogeoCode":"28.6326,77.2175","deviceInfomobile":"9621122159","deviceInfopostalCode":"110044","deviceInfoterminalId":"12813923","enquiryReferenceId":"TSB6b77dbcb0d26423e91b5229922521106","externalRef":"CGBP1234","initChannel":"AGT","inputParametersparam1":"9621122159","outlet":"496699","paymentInfoRemarks":"CashPayment","paymentMode":"Cash","remarksparam1":"9621122159","telecomCircle":"UT","transactionAmount":"10"},"stack":"Error: Validation failed: \"billerId\" is not allowed\n    at Object.makePayment (E:\\CODEGRAPHI\\ZenClick\\ZenClick\\Backend\\services\\apiService.js:100:11)\n    at initiatePayment (E:\\CODEGRAPHI\\ZenClick\\ZenClick\\Backend\\controllers\\MobileRecharge.js:107:39)\n    at Layer.handleRequest (E:\\CODEGRAPHI\\ZenClick\\ZenClick\\Backend\\node_modules\\router\\lib\\layer.js:152:17)\n    at next (E:\\CODEGRAPHI\\ZenClick\\ZenClick\\Backend\\node_modules\\router\\lib\\route.js:157:13)\n    at Route.dispatch (E:\\CODEGRAPHI\\ZenClick\\ZenClick\\Backend\\node_modules\\router\\lib\\route.js:117:3)\n    at handle (E:\\CODEGRAPHI\\ZenClick\\ZenClick\\Backend\\node_modules\\router\\index.js:435:11)\n    at Layer.handleRequest (E:\\CODEGRAPHI\\ZenClick\\ZenClick\\Backend\\node_modules\\router\\lib\\layer.js:152:17)\n    at E:\\CODEGRAPHI\\ZenClick\\ZenClick\\Backend\\node_modules\\router\\index.js:295:15\n    at processParams (E:\\CODEGRAPHI\\ZenClick\\ZenClick\\Backend\\node_modules\\router\\index.js:582:12)\n    at next (E:\\CODEGRAPHI\\ZenClick\\ZenClick\\Backend\\node_modules\\router\\index.js:291:5)","timestamp":"2025-05-09T10:56:53.383Z"}
{"level":"error","message":"Recharge failed: Validation failed: \"mobile\" with value \"496699\" fails to match the required pattern: /^[0-9]{10}$/","timestamp":"2025-05-09T10:59:59.401Z"}
{"level":"error","message":"Recharge failed: Validation failed: \"mobile\" with value \"496699\" fails to match the required pattern: /^[0-9]{10}$/","timestamp":"2025-05-09T11:05:27.711Z"}
{"level":"error","message":"Recharge failed: Request failed with status code 404","timestamp":"2025-05-09T11:26:56.076Z"}
{"level":"error","message":"Recharge failed: Request failed with status code 404","timestamp":"2025-05-09T11:28:19.398Z"}
{"level":"error","message":"Recharge failed: Request failed with status code 404","timestamp":"2025-05-09T11:28:45.585Z"}
{"level":"error","message":"Recharge failed: Request failed with status code 404","timestamp":"2025-05-09T11:32:42.963Z"}
{"level":"error","message":"Recharge failed: Validation failed: \"billerId\" is not allowed","timestamp":"2025-05-09T11:34:19.604Z"}
{"level":"error","message":"Recharge failed: Validation failed: \"billerId\" is not allowed","timestamp":"2025-05-09T11:34:31.777Z"}
{"level":"error","message":"Payment processing failed: Failed to process payment: Request failed with status code 400","timestamp":"2025-05-09T11:43:25.617Z"}
{"level":"error","message":"Payment processing failed: Failed to process payment: Request failed with status code 400","timestamp":"2025-05-09T11:44:37.599Z"}
{"level":"error","message":"Payment processing failed: Failed to process payment: Request failed with status code 400","timestamp":"2025-05-09T11:45:35.460Z"}
{"level":"error","message":"Payment processing failed: Failed to process payment: Request failed with status code 400","timestamp":"2025-05-09T11:45:53.387Z"}
{"level":"error","message":"Payment processing failed: Failed to process payment: [object Object]","timestamp":"2025-05-09T11:47:35.913Z"}
{"level":"error","message":"Payment processing failed: Failed to process payment: [object Object]","timestamp":"2025-05-09T11:48:23.135Z"}
{"level":"error","message":"Payment processing failed: Validation failed: \"enquiryReferenceId\" is required","timestamp":"2025-05-09T11:51:10.195Z"}
{"level":"error","message":"Payment processing failed: Failed to process payment: [object Object]","timestamp":"2025-05-09T11:51:28.326Z"}
{"level":"error","message":"Payment processing failed: Failed to process payment: Duplicate Transaction","timestamp":"2025-05-09T11:54:53.326Z"}
{"level":"error","message":"Payment processing failed: Failed to process payment: Duplicate Transaction","timestamp":"2025-05-09T11:56:27.847Z"}
{"level":"error","message":"Payment processing failed: Failed to process payment: Duplicate Transaction","timestamp":"2025-05-09T11:56:46.490Z"}
{"level":"error","message":"Payment processing failed: Failed to process payment: Duplicate Transaction","timestamp":"2025-05-09T11:57:48.041Z"}
{"level":"error","message":"Payment processing failed: Validation failed: \"externalRef\" must be [CGBP1746791992209]","timestamp":"2025-05-09T11:59:52.224Z"}
{"level":"error","message":"Payment processing failed: Validation failed: \"externalRef\" must be [CGBP1746792006525]","timestamp":"2025-05-09T12:00:06.526Z"}
{"level":"error","message":"Payment processing failed: Validation failed: \"externalRef\" must be [CGBP1746792069076]","timestamp":"2025-05-09T12:01:09.077Z"}
{"level":"error","message":"Payment processing failed: Failed to process payment: Invalid Account Number","timestamp":"2025-05-09T12:01:19.956Z"}
{"level":"error","message":"Payment processing failed: Failed to process payment: Duplicate Transaction","timestamp":"2025-05-09T12:02:18.457Z"}
{"level":"error","message":"Payment processing failed: Failed to process payment: timeout of 5000ms exceeded","timestamp":"2025-05-09T12:02:29.892Z"}
{"level":"error","message":"Recharge failed: Failed to recharge: Recharge is not defined","timestamp":"2025-05-09T12:41:25.128Z"}
{"level":"error","message":"Recharge failed: Failed to recharge: Recharge.create is not a function","timestamp":"2025-05-09T12:42:25.819Z"}
{"level":"error","message":"Recharge failed: Validation failed: \"billerId\" is required","timestamp":"2025-05-10T05:03:18.967Z"}
{"level":"error","message":"Recharge failed: Validation failed: \"billerId\" is required","timestamp":"2025-05-10T05:04:47.030Z"}
{"level":"error","message":"Recharge failed: Validation failed: \"billerId\" is required","timestamp":"2025-05-10T05:05:12.121Z"}
{"level":"error","message":"Recharge failed: validateRechargeData is not defined","timestamp":"2025-05-10T05:05:57.179Z"}
{"level":"error","message":"Recharge failed: Validation failed: \"mobileNumber\" is not allowed","timestamp":"2025-05-10T05:06:09.093Z"}
{"level":"error","message":"Recharge failed: Validation failed: \"mobileNumber\" is not allowed","timestamp":"2025-05-10T05:06:24.604Z"}
{"level":"error","message":"Recharge failed: Validation failed: \"amount\" must be a string","timestamp":"2025-05-10T05:07:51.102Z"}
{"level":"error","message":"Recharge failed: Validation failed: \"mobileNumber\" is required","timestamp":"2025-05-10T06:48:43.602Z"}
{"level":"error","message":"Recharge failed: Validation failed: \"billerId\" is not allowed","timestamp":"2025-05-10T07:44:11.178Z"}
{"level":"error","message":"Payment processing failed: Failed to process payment: Duplicate Transaction","timestamp":"2025-05-10T07:45:51.393Z"}
{"level":"error","message":"Payment processing failed: Failed to process payment: Duplicate Transaction","timestamp":"2025-05-10T07:46:13.876Z"}
{"level":"error","message":"Recharge failed: Cannot destructure property 'error' of 'validateRechargeData(...)' as it is undefined.","timestamp":"2025-05-10T09:54:00.802Z"}
{"level":"error","message":"Recharge failed: Cannot destructure property 'error' of 'validateRechargeData(...)' as it is undefined.","timestamp":"2025-05-10T09:56:01.831Z"}
{"level":"error","message":"Recharge failed: Cannot destructure property 'error' of 'validateRechargeData(...)' as it is undefined.","timestamp":"2025-05-10T09:56:05.395Z"}
{"level":"error","message":"Recharge failed: Cannot destructure property 'error' of 'validateRechargeData(...)' as it is undefined.","timestamp":"2025-05-10T09:56:40.761Z"}
{"level":"error","message":"Recharge failed: Cannot destructure property 'error' of 'validateRechargeData(...)' as it is undefined.","timestamp":"2025-05-10T09:58:11.471Z"}
{"level":"error","message":"Payment processing failed: Failed to process payment: Duplicate Transaction","timestamp":"2025-05-10T10:29:14.454Z"}
{"level":"error","message":"Payment processing failed: Failed to process payment: Duplicate Transaction","timestamp":"2025-05-10T10:29:31.330Z"}
{"level":"error","message":"Payment processing failed: Failed to process payment: The selected telecomCircle is invalid.","timestamp":"2025-05-10T10:51:17.865Z"}
{"level":"error","message":"Payment processing failed: Failed to process payment: The selected telecomCircle is invalid.","timestamp":"2025-05-10T10:52:30.513Z"}
{"level":"error","message":"Payment processing failed: Failed to process payment: The selected telecomCircle is invalid.","timestamp":"2025-05-10T10:52:47.668Z"}
{"level":"error","message":"Payment processing failed: Failed to process payment: The selected telecomCircle is invalid.","timestamp":"2025-05-10T10:53:01.086Z"}
{"level":"error","message":"Payment processing failed: Failed to process payment: The selected telecomCircle is invalid.","timestamp":"2025-05-10T11:06:13.583Z"}
{"level":"error","message":"Payment processing failed: Failed to process payment: The selected telecomCircle is invalid.","timestamp":"2025-05-10T11:25:27.953Z"}
{"level":"error","message":"Payment processing failed: Failed to process payment: The selected telecomCircle is invalid.","timestamp":"2025-05-10T11:48:13.771Z"}
{"level":"error","message":"Payment processing failed: Failed to process payment: Duplicate Transaction","timestamp":"2025-05-10T12:20:36.313Z"}
{"level":"error","message":"Payment processing failed: Failed to process payment: Duplicate Transaction","timestamp":"2025-05-10T12:21:00.687Z"}
{"level":"error","message":"Payment processing failed: Failed to process payment: Duplicate Transaction","timestamp":"2025-05-10T12:21:05.868Z"}
{"level":"error","message":"Payment processing failed: Failed to process payment: Duplicate Transaction","timestamp":"2025-05-10T12:24:31.617Z"}
{"level":"error","message":"Payment processing failed: Failed to process payment: Duplicate Transaction","timestamp":"2025-05-10T12:25:52.061Z"}
{"level":"error","message":"Payment processing failed: Failed to process payment: Duplicate Transaction","timestamp":"2025-05-10T12:26:06.104Z"}
{"level":"error","message":"Payment processing failed: Failed to process payment: Duplicate Transaction","timestamp":"2025-05-10T12:26:11.112Z"}
{"level":"error","message":"Payment processing failed: Failed to process payment: Duplicate Transaction","timestamp":"2025-05-10T12:26:18.171Z"}
{"level":"error","message":"Payment processing failed: Failed to process payment: The selected telecomCircle is invalid.","timestamp":"2025-05-10T12:26:27.279Z"}
{"level":"error","message":"Payment processing failed: Failed to process payment: Sorry Payment could not be processed due to technical issues Please try again later","timestamp":"2025-05-10T12:27:19.173Z"}
{"level":"error","message":"Payment processing failed: Failed to process payment: Duplicate Transaction","timestamp":"2025-05-10T12:28:21.624Z"}
{"level":"error","message":"Payment processing failed: Failed to process payment: timeout of 5000ms exceeded","timestamp":"2025-05-10T12:30:15.572Z"}
{"level":"error","message":"Payment processing failed: Failed to process payment: Duplicate Transaction","timestamp":"2025-05-10T12:30:23.618Z"}
{"level":"error","message":"Payment processing failed: Failed to process payment: timeout of 5000ms exceeded","timestamp":"2025-05-10T12:30:34.419Z"}
{"level":"error","message":"Payment processing failed: Failed to process payment: Duplicate Transaction","timestamp":"2025-05-10T12:33:14.622Z"}
{"level":"error","message":"Payment processing failed: Failed to process payment: Sorry Payment could not be processed due to technical issues Please try again later","timestamp":"2025-05-10T12:33:25.282Z"}
{"level":"error","message":"Payment processing failed: Failed to process payment: Sorry Payment could not be processed due to technical issues Please try again later","timestamp":"2025-05-10T12:34:22.077Z"}
{"level":"error","message":"Payment processing failed: Failed to process payment: The selected telecomCircle is invalid.","timestamp":"2025-05-10T12:46:55.008Z"}
